<?xml version="1.0" encoding="utf-8"?><testsuites name="pytest tests"><testsuite name="pytest" errors="0" failures="0" skipped="1" tests="14" time="9.324" timestamp="2026-06-21T10:00:19.555998+00:00" hostname="agent-env-7025b5e3-20b9-445a-b4a0-f1559df17ec0"><testcase classname="tests.test_refactor_regression.TestLogin" name="test_admin_login_redirects_to_dashboard" time="2.705" /><testcase classname="tests.test_refactor_regression.TestLogin" name="test_admin_dashboard_loads" time="2.489" /><testcase classname="tests.test_refactor_regression.TestFinanceReport" name="test_finance_report_status" time="0.153" /><testcase classname="tests.test_refactor_regression.TestFinanceReport" name="test_finance_report_contains_kpi_sections" time="0.157" /><testcase classname="tests.test_refactor_regression.TestFinanceReport" name="test_finance_report_chart_payloads_present" time="0.123" /><testcase classname="tests.test_refactor_regression.TestFinanceReport" name="test_finance_report_currency_code" time="0.149" /><testcase classname="tests.test_refactor_regression.TestHRDashboard" name="test_hr_dashboard_status" time="0.126" /><testcase classname="tests.test_refactor_regression.TestHRDashboard" name="test_hr_dashboard_sections" time="0.123" /><testcase classname="tests.test_refactor_regression.TestHRDashboard" name="test_hr_dashboard_workforce_keys" time="0.120" /><testcase classname="tests.test_refactor_regression.TestPDFs" name="test_invoice_pdf" time="0.264" /><testcase classname="tests.test_refactor_regression.TestPDFs" name="test_payslip_pdf" time="0.230" /><testcase classname="tests.test_refactor_regression.TestPDFs" name="test_report_card_pdf" time="0.243" /><testcase classname="tests.test_refactor_regression.TestPortalDefensive" name="test_parent_portal_loads" time="1.860" /><testcase classname="tests.test_refactor_regression.TestPortalDefensive" name="test_parent_portal_no_500_on_invoice_pay_routes" time="0.126"><skipped type="pytest.skip" message="no parent invoice pay link on dashboard">/app/backend/tests/test_refactor_regression.py:239: no parent invoice pay link on dashboard</skipped></testcase></testsuite></testsuites>