<?xml version="1.0" encoding="utf-8"?><testsuites name="pytest tests"><testsuite name="pytest" errors="0" failures="1" skipped="1" tests="21" time="23.314" timestamp="2026-06-21T11:51:25.018903+00:00" hostname="agent-env-7025b5e3-20b9-445a-b4a0-f1559df17ec0"><testcase classname="backend.tests.test_phase1_academy.TestAssignmentAdmin" name="test_list_200" time="3.272" /><testcase classname="backend.tests.test_phase1_academy.TestAssignmentAdmin" name="test_detail_200_seed" time="0.189" /><testcase classname="backend.tests.test_phase1_academy.TestAssignmentAdmin" name="test_detail_404" time="0.169" /><testcase classname="backend.tests.test_phase1_academy.TestStudentAssignments" name="test_tiago_sees_seed_assignment" time="2.148" /><testcase classname="backend.tests.test_phase1_academy.TestStudentAssignments" name="test_miguel_no_assignments" time="2.848" /><testcase classname="backend.tests.test_phase1_academy.TestStudentSubmit" name="test_tiago_can_submit_and_resubmit_clears_grade" time="0.907" /><testcase classname="backend.tests.test_phase1_academy.TestStudentSubmit" name="test_miguel_cannot_submit_other_class_assignment" time="0.173" /><testcase classname="backend.tests.test_phase1_academy.TestGrading" name="test_admin_grade_submission_and_create_grade_entry" time="0.784" /><testcase classname="backend.tests.test_phase1_academy.TestPermissions" name="test_teacher_cannot_delete_other_teachers_assignment" time="3.297"><skipped type="pytest.skip" message="t-004 appears to be the assignment owner; cannot test 403 boundary">/app/backend/tests/test_phase1_academy.py:198: t-004 appears to be the assignment owner; cannot test 403 boundary</skipped></testcase><testcase classname="backend.tests.test_phase1_academy.TestAnnouncements" name="test_admin_create_announcement_with_email_mock" time="1.594" /><testcase classname="backend.tests.test_phase1_academy.TestAnnouncements" name="test_student_sees_audience_all_announcement" time="0.292" /><testcase classname="backend.tests.test_phase1_academy.TestAnnouncements" name="test_teacher_audience_announcement_hidden_from_student" time="1.191" /><testcase classname="backend.tests.test_phase1_academy.TestAnnouncements" name="test_parent_does_not_see_teacher_announcement" time="2.630" /><testcase classname="backend.tests.test_phase1_academy.TestCalendar" name="test_admin_create_calendar_event" time="0.649" /><testcase classname="backend.tests.test_phase1_academy.TestCalendar" name="test_student_sees_audience_all_event" time="0.082" /><testcase classname="backend.tests.test_phase1_academy.TestCalendar" name="test_admin_audience_event_hidden_from_student" time="0.523" /><testcase classname="backend.tests.test_phase1_academy.TestTrilingual" name="test_pt_and_tet_titles_render" time="0.194"><failure message="AssertionError: PT title not rendered&#10;assert 'Bem-vindo' in '&lt;!DOCTYPE html&gt;\n&lt;html lang=&quot;en&quot;&gt;\n&lt;head&gt;\n  &lt;meta charset=&quot;UTF-8&quot; /&gt;\n  &lt;meta name=&quot;viewport&quot; content=&quot;width=device-width, initial-scale=1.0&quot; /&gt;\n  &lt;title&gt;Announcements · Instituto São João de Brito&lt;/title&gt;\n  &lt;link rel=&quot;stylesheet&quot; href=&quot;https://api.fontshare.com/v2/css?f[]=satoshi@900,700,500,400&amp;display=swap&quot; /&gt;\n  &lt;link rel=&quot;stylesheet&quot; href=&quot;https://fonts.googleapis.com/css2?family=Inter:wght@400;500;600;700&amp;display=swap&quot; /&gt;\n  &lt;link rel=&quot;stylesheet&quot; href=&quot;https://unpkg.com/@phosphor-icons/web@2.1.1/src/regular/style.css&quot; /&gt;\n  &lt;link rel=&quot;stylesheet&quot; href=&quot;https://unpkg.com/@phosphor-icons/web@2.1.1/src/bold/style.css&quot; /&gt;\n  &lt;link rel=&quot;stylesheet&quot; href=&quot;/api/static/css/app.css&quot; /&gt;\n&lt;/head&gt;\n&lt;body class=&quot;bg-zinc-50 text-zinc-800 antialiased&quot;&gt;\n  \n&lt;div class=&quot;min-h-screen flex flex-col bg-zinc-50&quot;&gt;\n  &lt;header class=&quot;bg-gradient-to-r from-red-900 via-red-800 to-zinc-900 text-white&quot;&gt;\n    &lt;div class=&quot;max-w-6xl mx-auto px-6 py-5 flex items-center justify-between&quot;&gt;\n      &lt;div class=&quot;flex items-center gap-3&quot;&gt;\n        &lt;img src=&quot;/api/static/img/isjb-logo.jpg&quot; alt=&quot;ISJB crest&quot;\n          class=&quot;h-12 w-12 rounded-md bg-white p-1 ring-1 ring-white/20 shadow-sm&quot; data-testid=&quot;student...y-between gap-2 text-[11px] text-zinc-500&quot;&gt;\n      &lt;span&gt;© 2026 Instituto São João de Brito · All rights reserved.&lt;/span&gt;\n      &lt;span class=&quot;font-display&quot;&gt;Enterprise Suite · v1.0&lt;/span&gt;\n    &lt;/div&gt;\n  &lt;/div&gt;\n&lt;/footer&gt;\n\n&lt;/div&gt;\n\n&lt;script&gt;(function(){function c(){var b=a.contentDocument||a.contentWindow.document;if(b){var d=b.createElement(\'script\');d.innerHTML=&quot;window.__CF$cv$params={r:\'a0f2cda2dfe4f855\',t:\'MTc4MjA0MjcwNg==\'};var a=document.createElement(\'script\');a.src=\'/cdn-cgi/challenge-platform/scripts/jsd/main.js\';document.getElementsByTagName(\'head\')[0].appendChild(a);&quot;;b.getElementsByTagName(\'head\')[0].appendChild(d)}}if(document.body){var a=document.createElement(\'iframe\');a.height=1;a.width=1;a.style.position=\'absolute\';a.style.top=0;a.style.left=0;a.style.border=\'none\';a.style.visibility=\'hidden\';document.body.appendChild(a);if(\'loading\'!==document.readyState)c();else if(window.addEventListener)document.addEventListener(\'DOMContentLoaded\',c);else{var e=document.onreadystatechange||function(){};document.onreadystatechange=function(b){e(b);\'loading\'!==document.readyState&amp;&amp;(document.onreadystatechange=e,c())}}}})();&lt;/script&gt;&lt;/body&gt;\n&lt;/html&gt;\n'&#10; +  where '&lt;!DOCTYPE html&gt;\n&lt;html lang=&quot;en&quot;&gt;\n&lt;head&gt;\n  &lt;meta charset=&quot;UTF-8&quot; /&gt;\n  &lt;meta name=&quot;viewport&quot; content=&quot;width=device-width, initial-scale=1.0&quot; /&gt;\n  &lt;title&gt;Announcements · Instituto São João de Brito&lt;/title&gt;\n  &lt;link rel=&quot;stylesheet&quot; href=&quot;https://api.fontshare.com/v2/css?f[]=satoshi@900,700,500,400&amp;display=swap&quot; /&gt;\n  &lt;link rel=&quot;stylesheet&quot; href=&quot;https://fonts.googleapis.com/css2?family=Inter:wght@400;500;600;700&amp;display=swap&quot; /&gt;\n  &lt;link rel=&quot;stylesheet&quot; href=&quot;https://unpkg.com/@phosphor-icons/web@2.1.1/src/regular/style.css&quot; /&gt;\n  &lt;link rel=&quot;stylesheet&quot; href=&quot;https://unpkg.com/@phosphor-icons/web@2.1.1/src/bold/style.css&quot; /&gt;\n  &lt;link rel=&quot;stylesheet&quot; href=&quot;/api/static/css/app.css&quot; /&gt;\n&lt;/head&gt;\n&lt;body class=&quot;bg-zinc-50 text-zinc-800 antialiased&quot;&gt;\n  \n&lt;div class=&quot;min-h-screen flex flex-col bg-zinc-50&quot;&gt;\n  &lt;header class=&quot;bg-gradient-to-r from-red-900 via-red-800 to-zinc-900 text-white&quot;&gt;\n    &lt;div class=&quot;max-w-6xl mx-auto px-6 py-5 flex items-center justify-between&quot;&gt;\n      &lt;div class=&quot;flex items-center gap-3&quot;&gt;\n        &lt;img src=&quot;/api/static/img/isjb-logo.jpg&quot; alt=&quot;ISJB crest&quot;\n          class=&quot;h-12 w-12 rounded-md bg-white p-1 ring-1 ring-white/20 shadow-sm&quot; data-testid=&quot;student...y-between gap-2 text-[11px] text-zinc-500&quot;&gt;\n      &lt;span&gt;© 2026 Instituto São João de Brito · All rights reserved.&lt;/span&gt;\n      &lt;span class=&quot;font-display&quot;&gt;Enterprise Suite · v1.0&lt;/span&gt;\n    &lt;/div&gt;\n  &lt;/div&gt;\n&lt;/footer&gt;\n\n&lt;/div&gt;\n\n&lt;script&gt;(function(){function c(){var b=a.contentDocument||a.contentWindow.document;if(b){var d=b.createElement(\'script\');d.innerHTML=&quot;window.__CF$cv$params={r:\'a0f2cda2dfe4f855\',t:\'MTc4MjA0MjcwNg==\'};var a=document.createElement(\'script\');a.src=\'/cdn-cgi/challenge-platform/scripts/jsd/main.js\';document.getElementsByTagName(\'head\')[0].appendChild(a);&quot;;b.getElementsByTagName(\'head\')[0].appendChild(d)}}if(document.body){var a=document.createElement(\'iframe\');a.height=1;a.width=1;a.style.position=\'absolute\';a.style.top=0;a.style.left=0;a.style.border=\'none\';a.style.visibility=\'hidden\';document.body.appendChild(a);if(\'loading\'!==document.readyState)c();else if(window.addEventListener)document.addEventListener(\'DOMContentLoaded\',c);else{var e=document.onreadystatechange||function(){};document.onreadystatechange=function(b){e(b);\'loading\'!==document.readyState&amp;&amp;(document.onreadystatechange=e,c())}}}})();&lt;/script&gt;&lt;/body&gt;\n&lt;/html&gt;\n' = &lt;Response [200]&gt;.text">backend/tests/test_phase1_academy.py:321: in test_pt_and_tet_titles_render
    assert "Bem-vindo" in r.text, "PT title not rendered"
E   AssertionError: PT title not rendered
E   assert 'Bem-vindo' in '&lt;!DOCTYPE html&gt;\n&lt;html lang="en"&gt;\n&lt;head&gt;\n  &lt;meta charset="UTF-8" /&gt;\n  &lt;meta name="viewport" content="width=device-width, initial-scale=1.0" /&gt;\n  &lt;title&gt;Announcements · Instituto São João de Brito&lt;/title&gt;\n  &lt;link rel="stylesheet" href="https://api.fontshare.com/v2/css?f[]=satoshi@900,700,500,400&amp;display=swap" /&gt;\n  &lt;link rel="stylesheet" href="https://fonts.googleapis.com/css2?family=Inter:wght@400;500;600;700&amp;display=swap" /&gt;\n  &lt;link rel="stylesheet" href="https://unpkg.com/@phosphor-icons/web@2.1.1/src/regular/style.css" /&gt;\n  &lt;link rel="stylesheet" href="https://unpkg.com/@phosphor-icons/web@2.1.1/src/bold/style.css" /&gt;\n  &lt;link rel="stylesheet" href="/api/static/css/app.css" /&gt;\n&lt;/head&gt;\n&lt;body class="bg-zinc-50 text-zinc-800 antialiased"&gt;\n  \n&lt;div class="min-h-screen flex flex-col bg-zinc-50"&gt;\n  &lt;header class="bg-gradient-to-r from-red-900 via-red-800 to-zinc-900 text-white"&gt;\n    &lt;div class="max-w-6xl mx-auto px-6 py-5 flex items-center justify-between"&gt;\n      &lt;div class="flex items-center gap-3"&gt;\n        &lt;img src="/api/static/img/isjb-logo.jpg" alt="ISJB crest"\n          class="h-12 w-12 rounded-md bg-white p-1 ring-1 ring-white/20 shadow-sm" data-testid="student...y-between gap-2 text-[11px] text-zinc-500"&gt;\n      &lt;span&gt;© 2026 Instituto São João de Brito · All rights reserved.&lt;/span&gt;\n      &lt;span class="font-display"&gt;Enterprise Suite · v1.0&lt;/span&gt;\n    &lt;/div&gt;\n  &lt;/div&gt;\n&lt;/footer&gt;\n\n&lt;/div&gt;\n\n&lt;script&gt;(function(){function c(){var b=a.contentDocument||a.contentWindow.document;if(b){var d=b.createElement(\'script\');d.innerHTML="window.__CF$cv$params={r:\'a0f2cda2dfe4f855\',t:\'MTc4MjA0MjcwNg==\'};var a=document.createElement(\'script\');a.src=\'/cdn-cgi/challenge-platform/scripts/jsd/main.js\';document.getElementsByTagName(\'head\')[0].appendChild(a);";b.getElementsByTagName(\'head\')[0].appendChild(d)}}if(document.body){var a=document.createElement(\'iframe\');a.height=1;a.width=1;a.style.position=\'absolute\';a.style.top=0;a.style.left=0;a.style.border=\'none\';a.style.visibility=\'hidden\';document.body.appendChild(a);if(\'loading\'!==document.readyState)c();else if(window.addEventListener)document.addEventListener(\'DOMContentLoaded\',c);else{var e=document.onreadystatechange||function(){};document.onreadystatechange=function(b){e(b);\'loading\'!==document.readyState&amp;&amp;(document.onreadystatechange=e,c())}}}})();&lt;/script&gt;&lt;/body&gt;\n&lt;/html&gt;\n'
E    +  where '&lt;!DOCTYPE html&gt;\n&lt;html lang="en"&gt;\n&lt;head&gt;\n  &lt;meta charset="UTF-8" /&gt;\n  &lt;meta name="viewport" content="width=device-width, initial-scale=1.0" /&gt;\n  &lt;title&gt;Announcements · Instituto São João de Brito&lt;/title&gt;\n  &lt;link rel="stylesheet" href="https://api.fontshare.com/v2/css?f[]=satoshi@900,700,500,400&amp;display=swap" /&gt;\n  &lt;link rel="stylesheet" href="https://fonts.googleapis.com/css2?family=Inter:wght@400;500;600;700&amp;display=swap" /&gt;\n  &lt;link rel="stylesheet" href="https://unpkg.com/@phosphor-icons/web@2.1.1/src/regular/style.css" /&gt;\n  &lt;link rel="stylesheet" href="https://unpkg.com/@phosphor-icons/web@2.1.1/src/bold/style.css" /&gt;\n  &lt;link rel="stylesheet" href="/api/static/css/app.css" /&gt;\n&lt;/head&gt;\n&lt;body class="bg-zinc-50 text-zinc-800 antialiased"&gt;\n  \n&lt;div class="min-h-screen flex flex-col bg-zinc-50"&gt;\n  &lt;header class="bg-gradient-to-r from-red-900 via-red-800 to-zinc-900 text-white"&gt;\n    &lt;div class="max-w-6xl mx-auto px-6 py-5 flex items-center justify-between"&gt;\n      &lt;div class="flex items-center gap-3"&gt;\n        &lt;img src="/api/static/img/isjb-logo.jpg" alt="ISJB crest"\n          class="h-12 w-12 rounded-md bg-white p-1 ring-1 ring-white/20 shadow-sm" data-testid="student...y-between gap-2 text-[11px] text-zinc-500"&gt;\n      &lt;span&gt;© 2026 Instituto São João de Brito · All rights reserved.&lt;/span&gt;\n      &lt;span class="font-display"&gt;Enterprise Suite · v1.0&lt;/span&gt;\n    &lt;/div&gt;\n  &lt;/div&gt;\n&lt;/footer&gt;\n\n&lt;/div&gt;\n\n&lt;script&gt;(function(){function c(){var b=a.contentDocument||a.contentWindow.document;if(b){var d=b.createElement(\'script\');d.innerHTML="window.__CF$cv$params={r:\'a0f2cda2dfe4f855\',t:\'MTc4MjA0MjcwNg==\'};var a=document.createElement(\'script\');a.src=\'/cdn-cgi/challenge-platform/scripts/jsd/main.js\';document.getElementsByTagName(\'head\')[0].appendChild(a);";b.getElementsByTagName(\'head\')[0].appendChild(d)}}if(document.body){var a=document.createElement(\'iframe\');a.height=1;a.width=1;a.style.position=\'absolute\';a.style.top=0;a.style.left=0;a.style.border=\'none\';a.style.visibility=\'hidden\';document.body.appendChild(a);if(\'loading\'!==document.readyState)c();else if(window.addEventListener)document.addEventListener(\'DOMContentLoaded\',c);else{var e=document.onreadystatechange||function(){};document.onreadystatechange=function(b){e(b);\'loading\'!==document.readyState&amp;&amp;(document.onreadystatechange=e,c())}}}})();&lt;/script&gt;&lt;/body&gt;\n&lt;/html&gt;\n' = &lt;Response [200]&gt;.text</failure></testcase><testcase classname="backend.tests.test_phase1_academy.TestRegression" name="test_teaching_documents_200" time="0.187" /><testcase classname="backend.tests.test_phase1_academy.TestRegression" name="test_system_design_pdf" time="0.559" /><testcase classname="backend.tests.test_phase1_academy.TestRegression" name="test_invoice_pdf" time="0.411" /><testcase classname="backend.tests.test_phase1_academy.TestRegression" name="test_payslip_pdf" time="0.431" /></testsuite></testsuites>