<?xml version="1.0" encoding="utf-8"?><testsuites name="pytest tests"><testsuite name="pytest" errors="0" failures="0" skipped="2" tests="44" time="38.424" timestamp="2026-06-21T12:14:15.675079+00:00" hostname="agent-env-7025b5e3-20b9-445a-b4a0-f1559df17ec0"><testcase classname="backend.tests.test_phase1_academy.TestAssignmentAdmin" name="test_list_200" time="2.330" /><testcase classname="backend.tests.test_phase1_academy.TestAssignmentAdmin" name="test_detail_200_seed" time="0.164" /><testcase classname="backend.tests.test_phase1_academy.TestAssignmentAdmin" name="test_detail_404" time="0.140" /><testcase classname="backend.tests.test_phase1_academy.TestStudentAssignments" name="test_tiago_sees_seed_assignment" time="2.076" /><testcase classname="backend.tests.test_phase1_academy.TestStudentAssignments" name="test_miguel_no_assignments" time="4.114" /><testcase classname="backend.tests.test_phase1_academy.TestStudentSubmit" name="test_tiago_can_submit_and_resubmit_clears_grade" time="1.499" /><testcase classname="backend.tests.test_phase1_academy.TestStudentSubmit" name="test_miguel_cannot_submit_other_class_assignment" time="0.190" /><testcase classname="backend.tests.test_phase1_academy.TestGrading" name="test_admin_grade_submission_and_create_grade_entry" time="0.785" /><testcase classname="backend.tests.test_phase1_academy.TestPermissions" name="test_teacher_cannot_delete_other_teachers_assignment" time="2.423"><skipped type="pytest.skip" message="t-004 appears to be the assignment owner; cannot test 403 boundary">/app/backend/tests/test_phase1_academy.py:198: t-004 appears to be the assignment owner; cannot test 403 boundary</skipped></testcase><testcase classname="backend.tests.test_phase1_academy.TestAnnouncements" name="test_admin_create_announcement_with_email_mock" time="1.084" /><testcase classname="backend.tests.test_phase1_academy.TestAnnouncements" name="test_student_sees_audience_all_announcement" time="0.133" /><testcase classname="backend.tests.test_phase1_academy.TestAnnouncements" name="test_teacher_audience_announcement_hidden_from_student" time="0.533" /><testcase classname="backend.tests.test_phase1_academy.TestAnnouncements" name="test_parent_does_not_see_teacher_announcement" time="2.312" /><testcase classname="backend.tests.test_phase1_academy.TestCalendar" name="test_admin_create_calendar_event" time="0.495" /><testcase classname="backend.tests.test_phase1_academy.TestCalendar" name="test_student_sees_audience_all_event" time="0.144" /><testcase classname="backend.tests.test_phase1_academy.TestCalendar" name="test_admin_audience_event_hidden_from_student" time="0.543" /><testcase classname="backend.tests.test_phase1_academy.TestTrilingual" name="test_pt_and_tet_titles_render" time="0.155" /><testcase classname="backend.tests.test_phase1_academy.TestRegression" name="test_teaching_documents_200" time="0.119" /><testcase classname="backend.tests.test_phase1_academy.TestRegression" name="test_system_design_pdf" time="0.353" /><testcase classname="backend.tests.test_phase1_academy.TestRegression" name="test_invoice_pdf" time="0.347" /><testcase classname="backend.tests.test_phase1_academy.TestRegression" name="test_payslip_pdf" time="0.510" /><testcase classname="backend.tests.test_phase2_academy.TestAdminDocs" name="test_admin_list_200" time="2.659" /><testcase classname="backend.tests.test_phase2_academy.TestAdminDocs" name="test_admin_upload_with_expiring_soon_flag" time="0.585" /><testcase classname="backend.tests.test_phase2_academy.TestAdminDocs" name="test_admin_upload_no_title_uses_doc_type_label" time="0.541" /><testcase classname="backend.tests.test_phase2_academy.TestParentDocs" name="test_parent_can_list_own_child" time="2.228" /><testcase classname="backend.tests.test_phase2_academy.TestParentDocs" name="test_parent_blocked_from_other_student" time="0.210" /><testcase classname="backend.tests.test_phase2_academy.TestParentDocs" name="test_parent_can_upload_for_own_child" time="0.493" /><testcase classname="backend.tests.test_phase2_academy.TestStudentDocs" name="test_student_can_view_own" time="2.273" /><testcase classname="backend.tests.test_phase2_academy.TestStudentDocs" name="test_student_blocked_from_other" time="0.105" /><testcase classname="backend.tests.test_phase2_academy.TestLessonPlansAdmin" name="test_admin_list_200_seed" time="0.141" /><testcase classname="backend.tests.test_phase2_academy.TestLessonPlansAdmin" name="test_admin_create_lesson_plan" time="0.526" /><testcase classname="backend.tests.test_phase2_academy.TestLessonPlansAdmin" name="test_admin_create_draft_for_filter_test" time="0.644" /><testcase classname="backend.tests.test_phase2_academy.TestLessonPlansTeacher" name="test_teacher_list_filtered_to_own" time="1.944" /><testcase classname="backend.tests.test_phase2_academy.TestLessonPlansTeacher" name="test_teacher_cannot_delete_other_plan" time="0.109"><skipped type="pytest.skip" message="t-004 appears to own lesson plan 1; cannot test 403 boundary">/app/backend/tests/test_phase2_academy.py:286: t-004 appears to own lesson plan 1; cannot test 403 boundary</skipped></testcase><testcase classname="backend.tests.test_phase2_academy.TestLessonPlansStudent" name="test_tiago_sees_published_plan_for_class" time="2.200" /><testcase classname="backend.tests.test_phase2_academy.TestLessonPlansStudent" name="test_tiago_does_not_see_draft" time="0.095" /><testcase classname="backend.tests.test_phase2_academy.TestLessonPlansStudent" name="test_miguel_does_not_see_other_class_plans" time="0.104" /><testcase classname="backend.tests.test_phase2_academy.TestTodayWidget" name="test_widget_on_admin_dashboard" time="0.226" /><testcase classname="backend.tests.test_phase2_academy.TestTodayWidget" name="test_widget_on_student_dashboard" time="0.193" /><testcase classname="backend.tests.test_phase2_academy.TestTodayWidget" name="test_widget_on_teacher_dashboard" time="0.272" /><testcase classname="backend.tests.test_phase2_academy.TestTodayWidget" name="test_widget_on_parent_dashboard" time="0.132" /><testcase classname="backend.tests.test_phase2_academy.TestTodayWidget" name="test_latest_notices_still_present" time="0.195" /><testcase classname="backend.tests.test_phase2_academy.TestTodayWidget" name="test_upcoming_assignment_for_student" time="0.567" /><testcase classname="backend.tests.test_phase2_academy.TestTodayWidget" name="test_no_upcoming_assignments_for_non_students" time="0.483" /></testsuite></testsuites>