<?xml version="1.0" encoding="utf-8"?><testsuites name="pytest tests"><testsuite name="pytest" errors="0" failures="0" skipped="0" tests="28" time="17.248" timestamp="2026-06-21T12:27:58.500416+00:00" hostname="agent-env-7025b5e3-20b9-445a-b4a0-f1559df17ec0"><testcase classname="tests.test_phase3_lms.TestAdminList" name="test_admin_list_200" time="1.837" /><testcase classname="tests.test_phase3_lms.TestAdminList" name="test_admin_list_has_subject_grouping_and_icons" time="0.081" /><testcase classname="tests.test_phase3_lms.TestAdminCreateVideo" name="test_admin_create_youtube_video" time="0.686" /><testcase classname="tests.test_phase3_lms.TestUrlParsing" name="test_youtube_variants_resolve_same_embed[youtu.be-https://youtu.be/UPBMG5EYydo]" time="0.494" /><testcase classname="tests.test_phase3_lms.TestUrlParsing" name="test_youtube_variants_resolve_same_embed[shorts-https://www.youtube.com/shorts/UPBMG5EYydo]" time="0.507" /><testcase classname="tests.test_phase3_lms.TestUrlParsing" name="test_youtube_variants_resolve_same_embed[watch+list-https://www.youtube.com/watch?v=UPBMG5EYydo&amp;list=PLabc123]" time="0.480" /><testcase classname="tests.test_phase3_lms.TestUrlParsing" name="test_vimeo_resolves_to_player" time="0.411" /><testcase classname="tests.test_phase3_lms.TestUrlParsing" name="test_non_yt_vimeo_video_falls_back" time="0.471" /><testcase classname="tests.test_phase3_lms.TestFormValidation" name="test_video_requires_url" time="0.196" /><testcase classname="tests.test_phase3_lms.TestFormValidation" name="test_pdf_requires_file_or_url" time="0.233" /><testcase classname="tests.test_phase3_lms.TestTeacherAccess" name="test_teacher_sees_all_materials" time="1.603" /><testcase classname="tests.test_phase3_lms.TestTeacherAccess" name="test_teacher_field_disabled_on_create_form" time="0.097" /><testcase classname="tests.test_phase3_lms.TestTeacherAccess" name="test_teacher_create_assigns_self" time="0.495" /><testcase classname="tests.test_phase3_lms.TestClassScoping" name="test_tiago_sees_class3_material" time="2.605" /><testcase classname="tests.test_phase3_lms.TestClassScoping" name="test_miguel_does_not_see_class3_material" time="2.103" /><testcase classname="tests.test_phase3_lms.TestClassScoping" name="test_miguel_403_on_class3_detail" time="0.128" /><testcase classname="tests.test_phase3_lms.TestClassScoping" name="test_both_students_see_all_classes_seed" time="0.257" /><testcase classname="tests.test_phase3_lms.TestPublishedFilter" name="test_admin_sees_draft_in_list" time="0.602" /><testcase classname="tests.test_phase3_lms.TestPublishedFilter" name="test_student_does_not_see_draft" time="0.128" /><testcase classname="tests.test_phase3_lms.TestPublishedFilter" name="test_parent_does_not_see_draft" time="1.566" /><testcase classname="tests.test_phase3_lms.TestPublishedFilter" name="test_student_403_on_draft_detail" time="0.058" /><testcase classname="tests.test_phase3_lms.TestPublishedFilter" name="test_parent_403_on_draft_detail" time="0.068" /><testcase classname="tests.test_phase3_lms.TestDeletePermission" name="test_teacher_cannot_delete_admin_uploaded" time="0.456" /><testcase classname="tests.test_phase3_lms.TestDeletePermission" name="test_admin_can_delete_any" time="0.709" /><testcase classname="tests.test_phase3_lms.TestNavLinks" name="test_admin_sidebar_has_learning" time="0.224" /><testcase classname="tests.test_phase3_lms.TestNavLinks" name="test_student_topbar_has_materials" time="0.137" /><testcase classname="tests.test_phase3_lms.TestNavLinks" name="test_teacher_topbar_has_materials" time="0.107" /><testcase classname="tests.test_phase3_lms.TestNavLinks" name="test_parent_topbar_has_materials" time="0.112" /></testsuite></testsuites>